Build started 4/19/2015 5:25:15 AM.
     1>Project "c:\Users\Austin\documents\visual studio 2013\Projects\MagiciteTools\MagiciteTools\MagiciteTools.vcxproj" on node 2 (Rebuild target(s)).
     1>ClCompile:
         C:\Program Files (x86)\Microsoft Visual Studio 12.0\VC\bin\CL.exe /c /ZI /nologo /W3 /WX- /sdl /Od /Oy- /D WIN32 /D _DEBUG /D _CONSOLE /D _LIB /D _UNICODE /D UNICODE /Gm /EHsc /RTC1 /MDd /GS /fp:precise /Zc:wchar_t /Zc:forScope /Fo"Debug\\" /Fd"Debug\vc120.pdb" /Gd /TP /analyze- /errorReport:prompt Main.cpp MenuRollStats.cpp
         MenuRollStats.cpp
         Main.cpp
     1>c:\users\austin\documents\visual studio 2013\projects\magicitetools\magicitetools\main.cpp(46): warning C4018: '<' : signed/unsigned mismatch
     1>c:\users\austin\documents\visual studio 2013\projects\magicitetools\magicitetools\main.cpp(62): warning C4018: '<' : signed/unsigned mismatch
         Generating Code...
       Link:
         C:\Program Files (x86)\Microsoft Visual Studio 12.0\VC\bin\link.exe /ERRORREPORT:PROMPT /OUT:"c:\users\austin\documents\visual studio 2013\Projects\MagiciteTools\Debug\MagiciteTools.exe" /INCREMENTAL /NOLOGO lib_json.lib kernel32.lib user32.lib gdi32.lib winspool.lib comdlg32.lib advapi32.lib shell32.lib ole32.lib oleaut32.lib uuid.lib odbc32.lib odbccp32.lib /MANIFEST /MANIFESTUAC:"level='asInvoker' uiAccess='false'" /manifest:embed /DEBUG /PDB:"c:\users\austin\documents\visual studio 2013\Projects\MagiciteTools\Debug\MagiciteTools.pdb" /SUBSYSTEM:CONSOLE /TLBID:1 /DYNAMICBASE /NXCOMPAT /IMPLIB:"c:\users\austin\documents\visual studio 2013\Projects\MagiciteTools\Debug\MagiciteTools.lib" /MACHINE:X86 Debug\Main.obj
         Debug\MenuRollStats.obj
         lib_json.lib(json_value.obj) : MSIL .netmodule or module compiled with /GL found; restarting link with /LTCG; add /LTCG to the link command line to improve linker performance
     1>LINK : warning LNK4075: ignoring '/INCREMENTAL' due to '/LTCG' specification
     1>Main.obj : warning LNK4075: ignoring '/EDITANDCONTINUE' due to '/OPT:LBR' specification
     1>lib_json.lib(json_value.obj) : error LNK2038: mismatch detected for '_ITERATOR_DEBUG_LEVEL': value '0' doesn't match value '2' in Main.obj
     1>lib_json.lib(json_value.obj) : error LNK2038: mismatch detected for 'RuntimeLibrary': value 'MT_StaticRelease' doesn't match value 'MDd_DynamicDebug' in Main.obj
     1>lib_json.lib(json_reader.obj) : error LNK2038: mismatch detected for '_ITERATOR_DEBUG_LEVEL': value '0' doesn't match value '2' in Main.obj
     1>lib_json.lib(json_reader.obj) : error LNK2038: mismatch detected for 'RuntimeLibrary': value 'MT_StaticRelease' doesn't match value 'MDd_DynamicDebug' in Main.obj
     1>lib_json.lib(json_writer.obj) : error LNK2038: mismatch detected for '_ITERATOR_DEBUG_LEVEL': value '0' doesn't match value '2' in Main.obj
     1>lib_json.lib(json_writer.obj) : error LNK2038: mismatch detected for 'RuntimeLibrary': value 'MT_StaticRelease' doesn't match value 'MDd_DynamicDebug' in Main.obj
     1>libcpmt.lib(ios.obj) : error LNK2038: mismatch detected for '_ITERATOR_DEBUG_LEVEL': value '0' doesn't match value '2' in Main.obj
     1>libcpmt.lib(ios.obj) : error LNK2038: mismatch detected for 'RuntimeLibrary': value 'MT_StaticRelease' doesn't match value 'MDd_DynamicDebug' in Main.obj
     1>libcpmt.lib(locale0.obj) : error LNK2038: mismatch detected for '_ITERATOR_DEBUG_LEVEL': value '0' doesn't match value '2' in Main.obj
     1>libcpmt.lib(locale0.obj) : error LNK2038: mismatch detected for 'RuntimeLibrary': value 'MT_StaticRelease' doesn't match value 'MDd_DynamicDebug' in Main.obj
     1>libcpmt.lib(iosptrs.obj) : error LNK2038: mismatch detected for '_ITERATOR_DEBUG_LEVEL': value '0' doesn't match value '2' in Main.obj
     1>libcpmt.lib(iosptrs.obj) : error LNK2038: mismatch detected for 'RuntimeLibrary': value 'MT_StaticRelease' doesn't match value 'MDd_DynamicDebug' in Main.obj
     1>libcpmt.lib(locale.obj) : error LNK2038: mismatch detected for '_ITERATOR_DEBUG_LEVEL': value '0' doesn't match value '2' in Main.obj
     1>libcpmt.lib(locale.obj) : error LNK2038: mismatch detected for 'RuntimeLibrary': value 'MT_StaticRelease' doesn't match value 'MDd_DynamicDebug' in Main.obj
     1>libcpmt.lib(xlock.obj) : error LNK2038: mismatch detected for '_ITERATOR_DEBUG_LEVEL': value '0' doesn't match value '2' in Main.obj
     1>libcpmt.lib(xlock.obj) : error LNK2038: mismatch detected for 'RuntimeLibrary': value 'MT_StaticRelease' doesn't match value 'MDd_DynamicDebug' in Main.obj
     1>libcpmt.lib(xthrow.obj) : error LNK2038: mismatch detected for '_ITERATOR_DEBUG_LEVEL': value '0' doesn't match value '2' in Main.obj
     1>libcpmt.lib(xthrow.obj) : error LNK2038: mismatch detected for 'RuntimeLibrary': value 'MT_StaticRelease' doesn't match value 'MDd_DynamicDebug' in Main.obj
     1>libcpmt.lib(wlocale.obj) : error LNK2038: mismatch detected for '_ITERATOR_DEBUG_LEVEL': value '0' doesn't match value '2' in Main.obj
     1>libcpmt.lib(wlocale.obj) : error LNK2038: mismatch detected for 'RuntimeLibrary': value 'MT_StaticRelease' doesn't match value 'MDd_DynamicDebug' in Main.obj
     1>libcpmt.lib(xlocale.obj) : error LNK2038: mismatch detected for '_ITERATOR_DEBUG_LEVEL': value '0' doesn't match value '2' in Main.obj
     1>libcpmt.lib(xlocale.obj) : error LNK2038: mismatch detected for 'RuntimeLibrary': value 'MT_StaticRelease' doesn't match value 'MDd_DynamicDebug' in Main.obj
     1>libcpmt.lib(xdateord.obj) : error LNK2038: mismatch detected for '_ITERATOR_DEBUG_LEVEL': value '0' doesn't match value '2' in Main.obj
     1>libcpmt.lib(xdateord.obj) : error LNK2038: mismatch detected for 'RuntimeLibrary': value 'MT_StaticRelease' doesn't match value 'MDd_DynamicDebug' in Main.obj
     1>LIBCMT.lib(fpinit.obj) : error LNK2005: __fltused already defined in a previous module
     1>LIBCMT.lib(fpinit.obj) : error LNK2005: __ldused already defined in a previous module
     1>LIBCMT.lib(crt0init.obj) : error LNK2005: ___xi_a already defined in MSVCRTD.lib(cinitexe.obj)
     1>LIBCMT.lib(crt0init.obj) : error LNK2005: ___xi_z already defined in MSVCRTD.lib(cinitexe.obj)
     1>LIBCMT.lib(crt0init.obj) : error LNK2005: ___xc_a already defined in MSVCRTD.lib(cinitexe.obj)
     1>LIBCMT.lib(crt0init.obj) : error LNK2005: ___xc_z already defined in MSVCRTD.lib(cinitexe.obj)
     1>LINK : warning LNK4098: defaultlib 'MSVCRTD' conflicts with use of other libs; use /NODEFAULTLIB:library
     1>LINK : warning LNK4098: defaultlib 'LIBCMT' conflicts with use of other libs; use /NODEFAULTLIB:library
     1>c:\users\austin\documents\visual studio 2013\Projects\MagiciteTools\Debug\MagiciteTools.exe : fatal error LNK1169: one or more multiply defined symbols found
     1>Done Building Project "c:\Users\Austin\documents\visual studio 2013\Projects\MagiciteTools\MagiciteTools\MagiciteTools.vcxproj" (Rebuild target(s)) -- FAILED.

Build FAILED.

Time Elapsed 00:00:02.43
