c:\users\austin\documents\visual studio 2013\projects\magicitetools\magicitetools\debug\vc120.pdb
c:\users\austin\documents\visual studio 2013\projects\magicitetools\magicitetools\debug\vc120.idb
c:\users\austin\documents\visual studio 2013\projects\magicitetools\magicitetools\debug\main.obj
c:\users\austin\documents\visual studio 2013\projects\magicitetools\magicitetools\debug\menurollstats.obj
c:\users\austin\documents\visual studio 2013\projects\magicitetools\debug\magicitetools.pdb
c:\users\austin\documents\visual studio 2013\projects\magicitetools\magicitetools\debug\magicitetools.tlog\cl.command.1.tlog
c:\users\austin\documents\visual studio 2013\projects\magicitetools\magicitetools\debug\magicitetools.tlog\cl.read.1.tlog
c:\users\austin\documents\visual studio 2013\projects\magicitetools\magicitetools\debug\magicitetools.tlog\cl.write.1.tlog
c:\users\austin\documents\visual studio 2013\projects\magicitetools\magicitetools\debug\magicitetools.tlog\link-cvtres.read.1.tlog
c:\users\austin\documents\visual studio 2013\projects\magicitetools\magicitetools\debug\magicitetools.tlog\link-cvtres.write.1.tlog
c:\users\austin\documents\visual studio 2013\projects\magicitetools\magicitetools\debug\magicitetools.tlog\link-rc.read.1.tlog
c:\users\austin\documents\visual studio 2013\projects\magicitetools\magicitetools\debug\magicitetools.tlog\link-rc.write.1.tlog
c:\users\austin\documents\visual studio 2013\projects\magicitetools\magicitetools\debug\magicitetools.tlog\link.1380-cvtres.read.1.tlog
c:\users\austin\documents\visual studio 2013\projects\magicitetools\magicitetools\debug\magicitetools.tlog\link.1380-cvtres.write.1.tlog
c:\users\austin\documents\visual studio 2013\projects\magicitetools\magicitetools\debug\magicitetools.tlog\link.1380-rc.read.1.tlog
c:\users\austin\documents\visual studio 2013\projects\magicitetools\magicitetools\debug\magicitetools.tlog\link.1380-rc.write.1.tlog
c:\users\austin\documents\visual studio 2013\projects\magicitetools\magicitetools\debug\magicitetools.tlog\link.1380.read.1.tlog
c:\users\austin\documents\visual studio 2013\projects\magicitetools\magicitetools\debug\magicitetools.tlog\link.1380.write.1.tlog
c:\users\austin\documents\visual studio 2013\projects\magicitetools\magicitetools\debug\magicitetools.tlog\link.command.1.tlog
c:\users\austin\documents\visual studio 2013\projects\magicitetools\magicitetools\debug\magicitetools.tlog\link.read.1.tlog
c:\users\austin\documents\visual studio 2013\projects\magicitetools\magicitetools\debug\magicitetools.tlog\link.write.1.tlog
